<?xml version="1.0" encoding="UTF-8"?>
<!-- Generated by org.testng.reporters.JUnitReportReporter -->
<testsuite skipped="0" hostname="ESL008" name="TestCases.TestNgRunner" tests="1" failures="0" timestamp="08 Jun 2019 06:59:38 GMT" time="50.448" errors="0">
  <testcase name="runner" time="50.448" classname="TestCases.TestNgRunner"/>
</testsuite> <!-- TestCases.TestNgRunner -->
