<?xml version="1.0" encoding="UTF-8"?>
<!-- Generated by org.testng.reporters.JUnitReportReporter -->
<testsuite skipped="0" hostname="ESL008" name="TestCases.LoginWithValidOTP" tests="8" failures="0" timestamp="08 Jun 2019 13:25:29 GMT" time="135.041" errors="0">
  <testcase name="loginTest" time="16.864" classname="TestCases.LoginWithValidOTP"/>
  <testcase name="loginTest" time="16.871" classname="TestCases.LoginWithValidOTP"/>
  <testcase name="loginTest" time="16.751" classname="TestCases.LoginWithValidOTP"/>
  <testcase name="loginTest" time="17.081" classname="TestCases.LoginWithValidOTP"/>
  <testcase name="loginTest" time="16.779" classname="TestCases.LoginWithValidOTP"/>
  <testcase name="loginTest" time="17.021" classname="TestCases.LoginWithValidOTP"/>
  <testcase name="loginTest" time="16.831" classname="TestCases.LoginWithValidOTP"/>
  <testcase name="loginTest" time="16.843" classname="TestCases.LoginWithValidOTP"/>
</testsuite> <!-- TestCases.LoginWithValidOTP -->
