<?xml version="1.0" encoding="UTF-8"?>
<!-- Generated by org.testng.reporters.JUnitReportReporter -->
<testsuite skipped="0" hostname="ESL008" name="TestCases.LoginWithValidOTP" tests="8" failures="0" timestamp="08 Jun 2019 11:56:06 GMT" time="154.810" errors="0">
  <testcase name="loginTest" time="18.392" classname="TestCases.LoginWithValidOTP"/>
  <testcase name="loginTest" time="18.833" classname="TestCases.LoginWithValidOTP"/>
  <testcase name="loginTest" time="19.822" classname="TestCases.LoginWithValidOTP"/>
  <testcase name="loginTest" time="18.090" classname="TestCases.LoginWithValidOTP"/>
  <testcase name="loginTest" time="19.162" classname="TestCases.LoginWithValidOTP"/>
  <testcase name="loginTest" time="21.252" classname="TestCases.LoginWithValidOTP"/>
  <testcase name="loginTest" time="18.226" classname="TestCases.LoginWithValidOTP"/>
  <testcase name="loginTest" time="21.033" classname="TestCases.LoginWithValidOTP"/>
</testsuite> <!-- TestCases.LoginWithValidOTP -->
