<?xml version="1.0" encoding="UTF-8"?>
<!-- Generated by org.testng.reporters.JUnitReportReporter -->
<testsuite skipped="0" hostname="ESL008" name="TestCases.ControlSheetRunner" tests="1" failures="0" timestamp="08 Jun 2019 11:56:07 GMT" time="225.601" errors="0">
  <testcase name="main1" time="225.601" classname="TestCases.ControlSheetRunner"/>
</testsuite> <!-- TestCases.ControlSheetRunner -->
