<?xml version="1.0" encoding="UTF-8"?>
<!-- Generated by org.testng.reporters.JUnitReportReporter -->
<testsuite skipped="0" hostname="ESL008" name="TestCases.LoginWithValidOTP" tests="8" failures="0" timestamp="10 Jun 2019 06:40:43 GMT" time="133.729" errors="0">
  <testcase name="loginTest" time="19.657" classname="TestCases.LoginWithValidOTP"/>
  <testcase name="loginTest" time="15.838" classname="TestCases.LoginWithValidOTP"/>
  <testcase name="loginTest" time="16.036" classname="TestCases.LoginWithValidOTP"/>
  <testcase name="loginTest" time="16.518" classname="TestCases.LoginWithValidOTP"/>
  <testcase name="loginTest" time="15.531" classname="TestCases.LoginWithValidOTP"/>
  <testcase name="loginTest" time="16.135" classname="TestCases.LoginWithValidOTP"/>
  <testcase name="loginTest" time="18.066" classname="TestCases.LoginWithValidOTP"/>
  <testcase name="loginTest" time="15.948" classname="TestCases.LoginWithValidOTP"/>
</testsuite> <!-- TestCases.LoginWithValidOTP -->
